\BOOKMARK [1][-]{section.1}{The Problem}{}% 1
\BOOKMARK [1][-]{section.2}{Code setup}{}% 2
\BOOKMARK [2][-]{subsection.2.1}{CPLEX environment}{section.2}% 3
\BOOKMARK [3][-]{subsubsection.2.1.1}{Variable and constraint creation}{subsection.2.1}% 4
\BOOKMARK [2][-]{subsection.2.2}{Solution and data management}{section.2}% 5
\BOOKMARK [1][-]{section.3}{Problem resolution}{}% 6
\BOOKMARK [2][-]{subsection.3.1}{Loop model}{section.3}% 7
\BOOKMARK [3][-]{subsubsection.3.1.1}{Particularity of the variable creation in the symmetric TSP}{subsection.3.1}% 8
\BOOKMARK [2][-]{subsection.3.2}{Miller-Ticker-Zemlin model}{section.3}% 9
\BOOKMARK [3][-]{subsubsection.3.2.1}{Implementation of the model}{subsection.3.2}% 10
\BOOKMARK [2][-]{subsection.3.3}{Gavish and Gaves model}{section.3}% 11
\BOOKMARK [2][-]{subsection.3.4}{Performance Analysis}{section.3}% 12
\BOOKMARK [1][-]{section.4}{Resolution with the callback method}{}% 13
\BOOKMARK [2][-]{subsection.4.1}{The callbacks}{section.4}% 14
\BOOKMARK [2][-]{subsection.4.2}{Callback with an integer solution}{section.4}% 15
\BOOKMARK [2][-]{subsection.4.3}{Callback with a fractional solution}{section.4}% 16
\BOOKMARK [2][-]{subsection.4.4}{Performance Analysis}{section.4}% 17
\BOOKMARK [1][-]{section.5}{Heuristics}{}% 18
\BOOKMARK [2][-]{subsection.5.1}{Greedy algorithm}{section.5}% 19
\BOOKMARK [2][-]{subsection.5.2}{Extra-mileage algorithm}{section.5}% 20
