\BOOKMARK [0][-]{chapter.1}{Introduction}{}% 1
\BOOKMARK [1][-]{section.1.1}{Brief history of the problem}{chapter.1}% 2
\BOOKMARK [1][-]{section.1.2}{The mathematical formulation}{chapter.1}% 3
\BOOKMARK [0][-]{chapter.2}{Compact models}{}% 4
\BOOKMARK [1][-]{section.2.1}{Basic model}{chapter.2}% 5
\BOOKMARK [1][-]{section.2.2}{The Miller, Tucker, and Zemlin model}{chapter.2}% 6
\BOOKMARK [2][-]{subsection.2.2.1}{Implementation of the model}{section.2.2}% 7
\BOOKMARK [1][-]{section.2.3}{The Gavish and Graves model}{chapter.2}% 8
\BOOKMARK [0][-]{chapter.3}{Other sub-tour elimination methods}{}% 9
\BOOKMARK [1][-]{section.3.1}{Benders method}{chapter.3}% 10
\BOOKMARK [1][-]{section.3.2}{Callback method}{chapter.3}% 11
\BOOKMARK [2][-]{subsection.3.2.1}{Callback on the fractional solutions}{section.3.2}% 12
\BOOKMARK [0][-]{chapter.4}{Non optimal solutions}{}% 13
\BOOKMARK [1][-]{section.4.1}{Matheuristics}{chapter.4}% 14
\BOOKMARK [2][-]{subsection.4.1.1}{Hard-fixing}{section.4.1}% 15
\BOOKMARK [2][-]{subsection.4.1.2}{Soft-fixing}{section.4.1}% 16
\BOOKMARK [1][-]{section.4.2}{Heuristics}{chapter.4}% 17
\BOOKMARK [2][-]{subsection.4.2.1}{Greedy algorithm}{section.4.2}% 18
\BOOKMARK [2][-]{subsection.4.2.2}{Extra mileage approach}{section.4.2}% 19
\BOOKMARK [2][-]{subsection.4.2.3}{2-opt refining}{section.4.2}% 20
\BOOKMARK [1][-]{section.4.3}{Metaheuristics}{chapter.4}% 21
\BOOKMARK [2][-]{subsection.4.3.1}{Variable Neighborhood Search}{section.4.3}% 22
\BOOKMARK [2][-]{subsection.4.3.2}{Tabu search}{section.4.3}% 23
\BOOKMARK [0][-]{chapter*.6}{Bibliografia}{}% 24
